-------------------------------------------------------------------------------
Test set: petclinicspringapp.PetClinicSpringAppApplicationTests
-------------------------------------------------------------------------------
Tests run: 1, Failures: 0, Errors: 1, Skipped: 0, Time elapsed: 0.461 s <<< FAILURE! - in petclinicspringapp.PetClinicSpringAppApplicationTests
initializationError(petclinicspringapp.PetClinicSpringAppApplicationTests)  Time elapsed: 0.004 s  <<< ERROR!
java.lang.IllegalStateException: Unable to find a @SpringBootConfiguration, you need to use @ContextConfiguration or @SpringBootTest(classes=...) with your test

